0 info it worked if it ends with ok
1 verbose cli [ '/home/alek/.nvm/versions/node/v6.0.0/bin/node',
1 verbose cli   '/home/alek/.nvm/versions/node/v6.0.0/bin/npm',
1 verbose cli   'run',
1 verbose cli   'lint' ]
2 info using npm@3.8.6
3 info using node@v6.0.0
4 verbose run-script [ 'prelint', 'lint', 'postlint' ]
5 info lifecycle express-ejs@1.0.0~prelint: express-ejs@1.0.0
6 silly lifecycle express-ejs@1.0.0~prelint: no script for prelint, continuing
7 info lifecycle express-ejs@1.0.0~lint: express-ejs@1.0.0
8 verbose lifecycle express-ejs@1.0.0~lint: unsafe-perm in lifecycle true
9 verbose lifecycle express-ejs@1.0.0~lint: PATH: /home/alek/.nvm/versions/node/v6.0.0/lib/node_modules/npm/bin/node-gyp-bin:/home/alek/Downloads/Work/test_ejs/node_modules/.bin:/home/alek/.nvm/versions/node/v6.0.0/bin:/home/alek/.nvm/versions/node/v6.0.0/bin:/usr/local/sbin:/usr/local/bin:/usr/sbin:/usr/bin:/sbin:/bin:/usr/games:/usr/local/games:/snap/bin
10 verbose lifecycle express-ejs@1.0.0~lint: CWD: /home/alek/Downloads/Work/test_ejs
11 silly lifecycle express-ejs@1.0.0~lint: Args: [ '-c',
11 silly lifecycle   'eslint "{src,views}/**/*.js" && stylelint "{src,views}/**/*.{css,scss}" --custom-syntax postcss-scss' ]
12 silly lifecycle express-ejs@1.0.0~lint: Returned: code: 1  signal: null
13 info lifecycle express-ejs@1.0.0~lint: Failed to exec lint script
14 verbose stack Error: express-ejs@1.0.0 lint: `eslint "{src,views}/**/*.js" && stylelint "{src,views}/**/*.{css,scss}" --custom-syntax postcss-scss`
14 verbose stack Exit status 1
14 verbose stack     at EventEmitter.<anonymous> (/home/alek/.nvm/versions/node/v6.0.0/lib/node_modules/npm/lib/utils/lifecycle.js:239:16)
14 verbose stack     at emitTwo (events.js:106:13)
14 verbose stack     at EventEmitter.emit (events.js:191:7)
14 verbose stack     at ChildProcess.<anonymous> (/home/alek/.nvm/versions/node/v6.0.0/lib/node_modules/npm/lib/utils/spawn.js:24:14)
14 verbose stack     at emitTwo (events.js:106:13)
14 verbose stack     at ChildProcess.emit (events.js:191:7)
14 verbose stack     at maybeClose (internal/child_process.js:850:16)
14 verbose stack     at Process.ChildProcess._handle.onexit (internal/child_process.js:215:5)
15 verbose pkgid express-ejs@1.0.0
16 verbose cwd /home/alek/Downloads/Work/test_ejs
17 error Linux 5.13.0-41-generic
18 error argv "/home/alek/.nvm/versions/node/v6.0.0/bin/node" "/home/alek/.nvm/versions/node/v6.0.0/bin/npm" "run" "lint"
19 error node v6.0.0
20 error npm  v3.8.6
21 error code ELIFECYCLE
22 error express-ejs@1.0.0 lint: `eslint "{src,views}/**/*.js" && stylelint "{src,views}/**/*.{css,scss}" --custom-syntax postcss-scss`
22 error Exit status 1
23 error Failed at the express-ejs@1.0.0 lint script 'eslint "{src,views}/**/*.js" && stylelint "{src,views}/**/*.{css,scss}" --custom-syntax postcss-scss'.
23 error Make sure you have the latest version of node.js and npm installed.
23 error If you do, this is most likely a problem with the express-ejs package,
23 error not with npm itself.
23 error Tell the author that this fails on your system:
23 error     eslint "{src,views}/**/*.js" && stylelint "{src,views}/**/*.{css,scss}" --custom-syntax postcss-scss
23 error You can get information on how to open an issue for this project with:
23 error     npm bugs express-ejs
23 error Or if that isn't available, you can get their info via:
23 error     npm owner ls express-ejs
23 error There is likely additional logging output above.
24 verbose exit [ 1, true ]
